<?xml version="1.0" encoding="UTF-8"?>
<!-- Generated by org.testng.reporters.JUnitXMLReporter -->
<testsuite ignored="7" hostname="Test-DoaaAH" failures="0" tests="1" name="Default test" time="18.277" errors="0" timestamp="2020-09-12T14:41:03 EET">
  <testcase classname="AutomationTasks.NewTest" name="tesNgSearch" time="7.709"/>
  <testcase classname="AutomationTasks.NewTest" name="pageLogo" time="0.0">
    <ignored/>
  </testcase> <!-- pageLogo -->
  <testcase classname="AutomationTasks.NewTest" name="cucumberSearch" time="0.0">
    <ignored/>
  </testcase> <!-- cucumberSearch -->
  <testcase classname="AutomationTasks.NewTest" name="dragDrop" time="0.0">
    <ignored/>
  </testcase> <!-- dragDrop -->
  <testcase classname="AutomationTasks.NewTest" name="seleniumSearch" time="0.0">
    <ignored/>
  </testcase> <!-- seleniumSearch -->
  <testcase classname="AutomationTasks.NewTest" name="uploadImage" time="0.0">
    <ignored/>
  </testcase> <!-- uploadImage -->
  <testcase classname="AutomationTasks.NewTest" name="pageTitle" time="0.0">
    <ignored/>
  </testcase> <!-- pageTitle -->
  <testcase classname="AutomationTasks.NewTest" name="country" time="0.0">
    <ignored/>
  </testcase> <!-- country -->
</testsuite> <!-- Default test -->
